2024-11-21 00:41:01 - Starting MoneyTransferAppApplication using Java 19.0.1 with PID 16848 (C:\JAVA\MoneyTransferApp\target\classes started by Userg in C:\JAVA\MoneyTransferApp)
2024-11-21 00:41:01 - No active profile set, falling back to 1 default profile: "default"
2024-11-21 00:41:06 - Started MoneyTransferAppApplication in 5.457 seconds (process running for 7.034)
2024-11-21 00:41:35 - РўСЂР°РЅР·Р°РєС†РёСЏ: ID=1, РєР°СЂС‚Р° РѕС‚РїСЂР°РІРёС‚РµР»СЏ=1111111111111111, РєР°СЂС‚Р° РїРѕР»СѓС‡Р°С‚РµР»СЏ=2222222222222222, СЃСѓРјРјР°=10000 RUR, РєРѕРґ РїРѕРґС‚РІРµСЂР¶РґРµРЅРёСЏ=0000
2024-11-21 00:41:35 - РћРїРµСЂР°С†РёСЏ РїРѕРґС‚РІРµСЂР¶РґРµРЅР°: ID=1, РєРѕРґ=0000
2024-11-21 00:42:34 - Starting MoneyTransferAppApplication using Java 19.0.1 with PID 22072 (C:\JAVA\MoneyTransferApp\target\classes started by Userg in C:\JAVA\MoneyTransferApp)
2024-11-21 00:42:34 - No active profile set, falling back to 1 default profile: "default"
2024-11-21 00:42:38 - Started MoneyTransferAppApplication in 5.119 seconds (process running for 6.605)
2024-11-21 00:43:15 - РўСЂР°РЅР·Р°РєС†РёСЏ: ID=1, РєР°СЂС‚Р° РѕС‚РїСЂР°РІРёС‚РµР»СЏ=1111111111111111, РєР°СЂС‚Р° РїРѕР»СѓС‡Р°С‚РµР»СЏ=2222222222222222, СЃСѓРјРјР°=10000 RUR, РєРѕРґ РїРѕРґС‚РІРµСЂР¶РґРµРЅРёСЏ=0000
2024-11-21 00:43:15 - РћРїРµСЂР°С†РёСЏ РїРѕРґС‚РІРµСЂР¶РґРµРЅР°: ID=1, РєРѕРґ=0000
2024-11-21 00:54:04 - Starting MoneyTransferAppApplication using Java 19.0.1 with PID 26916 (C:\JAVA\MoneyTransferApp\target\classes started by Userg in C:\JAVA\MoneyTransferApp)
2024-11-21 00:54:04 - No active profile set, falling back to 1 default profile: "default"
2024-11-21 00:54:08 - Started MoneyTransferAppApplication in 5.402 seconds (process running for 6.935)
2024-11-21 00:54:26 - РўСЂР°РЅР·Р°РєС†РёСЏ: ID=1, РєР°СЂС‚Р° РѕС‚РїСЂР°РІРёС‚РµР»СЏ=1111111111111111, РєР°СЂС‚Р° РїРѕР»СѓС‡Р°С‚РµР»СЏ=2222222222222222, СЃСѓРјРјР°=11000 RUR, РєРѕРґ РїРѕРґС‚РІРµСЂР¶РґРµРЅРёСЏ=0000
2024-11-21 00:54:26 - РћРїРµСЂР°С†РёСЏ РїРѕРґС‚РІРµСЂР¶РґРµРЅР°: ID=1, РєРѕРґ=0000
21-11-2024 22:58:59 - Starting MoneyTransferAppApplication using Java 19.0.1 with PID 18988 (C:\JAVA\MoneyTransferApp\target\classes started by Userg in C:\JAVA\MoneyTransferApp)
21-11-2024 22:58:59 - No active profile set, falling back to 1 default profile: "default"
21-11-2024 22:59:38 - Starting MoneyTransferAppApplication using Java 19.0.1 with PID 22040 (C:\JAVA\MoneyTransferApp\target\classes started by Userg in C:\JAVA\MoneyTransferApp)
21-11-2024 22:59:38 - No active profile set, falling back to 1 default profile: "default"
21-11-2024 22:59:41 - Started MoneyTransferAppApplication in 3.6 seconds (process running for 4.051)
23-11-2024 23:26:24 - Starting MoneyTransferControllerIntegrationTest using Java 17.0.1 with PID 34136 (started by Userg in C:\JAVA\MoneyTransferApp)
23-11-2024 23:26:24 - No active profile set, falling back to 1 default profile: "default"
23-11-2024 23:26:27 - Started MoneyTransferControllerIntegrationTest in 4.205 seconds (process running for 5.977)
23-11-2024 23:26:30 - Транзакция: ID=1, карта отправителя=1234567890123456, карта получателя=6543210987654321, сумма=1000 RUB, код подтверждения=0000
23-11-2024 23:26:30 - Операция подтверждена: ID=1, код=0000
23-11-2024 23:26:30 - Транзакция: ID=2, карта отправителя=1234567890123456, карта получателя=6543210987654321, сумма=1000 RUB, код подтверждения=0000
23-11-2024 23:27:36 - Starting MoneyTransferControllerIntegrationTest using Java 17.0.1 with PID 22192 (started by Userg in C:\JAVA\MoneyTransferApp)
23-11-2024 23:27:36 - No active profile set, falling back to 1 default profile: "default"
23-11-2024 23:27:39 - Started MoneyTransferControllerIntegrationTest in 3.846 seconds (process running for 5.483)
23-11-2024 23:27:41 - Транзакция: ID=1, карта отправителя=1234567890123456, карта получателя=6543210987654321, сумма=1000 RUB, код подтверждения=0000
23-11-2024 23:27:41 - Операция подтверждена: ID=1, код=0000
23-11-2024 23:27:41 - Транзакция: ID=2, карта отправителя=1234567890123456, карта получателя=6543210987654321, сумма=1000 RUB, код подтверждения=0000
23-11-2024 23:28:19 - Starting MoneyTransferControllerIntegrationTest using Java 19.0.1 with PID 25080 (started by Userg in C:\JAVA\MoneyTransferApp)
23-11-2024 23:28:19 - No active profile set, falling back to 1 default profile: "default"
23-11-2024 23:28:24 - Started MoneyTransferControllerIntegrationTest in 6.083 seconds (process running for 9.197)
23-11-2024 23:28:27 - РўСЂР°РЅР·Р°РєС†РёСЏ: ID=1, РєР°СЂС‚Р° РѕС‚РїСЂР°РІРёС‚РµР»СЏ=1234567890123456, РєР°СЂС‚Р° РїРѕР»СѓС‡Р°С‚РµР»СЏ=6543210987654321, СЃСѓРјРјР°=1000 RUB, РєРѕРґ РїРѕРґС‚РІРµСЂР¶РґРµРЅРёСЏ=0000
23-11-2024 23:28:27 - РћРїРµСЂР°С†РёСЏ РїРѕРґС‚РІРµСЂР¶РґРµРЅР°: ID=1, РєРѕРґ=0000
23-11-2024 23:28:27 - РўСЂР°РЅР·Р°РєС†РёСЏ: ID=2, РєР°СЂС‚Р° РѕС‚РїСЂР°РІРёС‚РµР»СЏ=1234567890123456, РєР°СЂС‚Р° РїРѕР»СѓС‡Р°С‚РµР»СЏ=6543210987654321, СЃСѓРјРјР°=1000 RUB, РєРѕРґ РїРѕРґС‚РІРµСЂР¶РґРµРЅРёСЏ=0000
23-11-2024 23:31:21 - Starting MoneyTransferControllerIntegrationTest using Java 17.0.1 with PID 28996 (started by Userg in C:\JAVA\MoneyTransferApp)
23-11-2024 23:31:21 - No active profile set, falling back to 1 default profile: "default"
23-11-2024 23:31:24 - Started MoneyTransferControllerIntegrationTest in 3.887 seconds (process running for 5.516)
23-11-2024 23:31:58 - Starting MoneyTransferControllerIntegrationTest using Java 17.0.1 with PID 33716 (started by Userg in C:\JAVA\MoneyTransferApp)
23-11-2024 23:31:58 - No active profile set, falling back to 1 default profile: "default"
23-11-2024 23:32:02 - Started MoneyTransferControllerIntegrationTest in 4.838 seconds (process running for 6.945)
23-11-2024 23:32:05 - Транзакция: ID=1, карта отправителя=1234567890123456, карта получателя=6543210987654321, сумма=1000 RUB, код подтверждения=0000
23-11-2024 23:32:05 - Операция подтверждена: ID=1, код=0000
23-11-2024 23:32:05 - Транзакция: ID=2, карта отправителя=1234567890123456, карта получателя=6543210987654321, сумма=1000 RUB, код подтверждения=0000
